[2019-10-29 20:36:38] INFO: CheckM v1.0.18
[2019-10-29 20:36:38] INFO: checkm lineage_wf -x fa -t 48 --pplacer_threads 48 --file sample1.tab --tab_table sample1.concoct-bins .
[2019-10-29 20:36:38] INFO: [CheckM - tree] Placing bins in reference genome tree.
[2019-10-29 20:36:38] INFO: Identifying marker genes in 33 bins with 48 threads:
[2019-10-29 20:36:58] INFO: Saving HMM info to file.
[2019-10-29 20:36:58] INFO: Calculating genome statistics for 33 bins with 48 threads:
[2019-10-29 20:36:58] INFO: Extracting marker genes to align.
[2019-10-29 20:36:58] INFO: Parsing HMM hits to marker genes:
[2019-10-29 20:37:00] INFO: Extracting 43 HMMs with 48 threads:
[2019-10-29 20:37:00] INFO: Aligning 43 marker genes with 48 threads:
[2019-10-29 20:37:01] INFO: Reading marker alignment files.
[2019-10-29 20:37:01] INFO: Concatenating alignments.
[2019-10-29 20:37:01] INFO: Placing 33 bins into the genome tree with pplacer (be patient).
[2019-10-29 20:41:29] INFO: { Current stage: 0:04:51.036 || Total: 0:04:51.036 }
[2019-10-29 20:41:29] INFO: [CheckM - lineage_set] Inferring lineage-specific marker sets.
[2019-10-29 20:41:29] INFO: Reading HMM info from file.
[2019-10-29 20:41:29] INFO: Parsing HMM hits to marker genes:
[2019-10-29 20:41:30] INFO: Determining marker sets for each genome bin.
[2019-10-29 20:41:35] INFO: Marker set written to: ./lineage.ms
[2019-10-29 20:41:35] INFO: { Current stage: 0:00:05.934 || Total: 0:04:56.971 }
[2019-10-29 20:41:35] INFO: [CheckM - analyze] Identifying marker genes in bins.
[2019-10-29 20:41:35] INFO: Identifying marker genes in 33 bins with 48 threads:
[2019-10-29 20:43:51] INFO: Saving HMM info to file.
[2019-10-29 20:43:52] INFO: { Current stage: 0:02:17.786 || Total: 0:07:14.757 }
[2019-10-29 20:43:52] INFO: Parsing HMM hits to marker genes:
[2019-10-29 20:43:56] INFO: Aligning marker genes with multiple hits in a single bin:
[2019-10-29 20:44:06] INFO: { Current stage: 0:00:14.007 || Total: 0:07:28.765 }
[2019-10-29 20:44:06] INFO: Calculating genome statistics for 33 bins with 48 threads:
[2019-10-29 20:44:07] INFO: { Current stage: 0:00:00.324 || Total: 0:07:29.089 }
[2019-10-29 20:44:07] INFO: [CheckM - qa] Tabulating genome statistics.
[2019-10-29 20:44:07] INFO: Calculating AAI between multi-copy marker genes.
[2019-10-29 20:44:07] INFO: Reading HMM info from file.
[2019-10-29 20:44:11] INFO: Parsing HMM hits to marker genes:
[2019-10-29 20:44:15] INFO: QA information written to: sample1.tab
[2019-10-29 20:44:15] INFO: { Current stage: 0:00:08.352 || Total: 0:07:37.442 }
