[2019-10-29 20:35:22] INFO: CheckM v1.0.18
[2019-10-29 20:35:22] INFO: checkm lineage_wf -x fa -t 48 --pplacer_threads 48 --file sample2.tab --tab_table sample2.concoct-bins .
[2019-10-29 20:35:22] INFO: [CheckM - tree] Placing bins in reference genome tree.
[2019-10-29 20:35:22] INFO: Identifying marker genes in 32 bins with 48 threads:
[2019-10-29 20:35:34] INFO: Saving HMM info to file.
[2019-10-29 20:35:34] INFO: Calculating genome statistics for 32 bins with 48 threads:
[2019-10-29 20:35:34] INFO: Extracting marker genes to align.
[2019-10-29 20:35:34] INFO: Parsing HMM hits to marker genes:
[2019-10-29 20:35:37] INFO: Extracting 43 HMMs with 48 threads:
[2019-10-29 20:35:37] INFO: Aligning 43 marker genes with 48 threads:
[2019-10-29 20:35:38] INFO: Reading marker alignment files.
[2019-10-29 20:35:38] INFO: Concatenating alignments.
[2019-10-29 20:35:38] INFO: Placing 32 bins into the genome tree with pplacer (be patient).
[2019-10-29 20:40:24] INFO: { Current stage: 0:05:02.947 || Total: 0:05:02.947 }
[2019-10-29 20:40:24] INFO: [CheckM - lineage_set] Inferring lineage-specific marker sets.
[2019-10-29 20:40:24] INFO: Reading HMM info from file.
[2019-10-29 20:40:25] INFO: Parsing HMM hits to marker genes:
[2019-10-29 20:40:26] INFO: Determining marker sets for each genome bin.
[2019-10-29 20:40:30] INFO: Marker set written to: ./lineage.ms
[2019-10-29 20:40:30] INFO: { Current stage: 0:00:05.837 || Total: 0:05:08.784 }
[2019-10-29 20:40:30] INFO: [CheckM - analyze] Identifying marker genes in bins.
[2019-10-29 20:40:31] INFO: Identifying marker genes in 32 bins with 48 threads:
[2019-10-29 20:42:39] INFO: Saving HMM info to file.
[2019-10-29 20:42:40] INFO: { Current stage: 0:02:09.584 || Total: 0:07:18.369 }
[2019-10-29 20:42:40] INFO: Parsing HMM hits to marker genes:
[2019-10-29 20:42:45] INFO: Aligning marker genes with multiple hits in a single bin:
[2019-10-29 20:42:50] INFO: { Current stage: 0:00:10.456 || Total: 0:07:28.826 }
[2019-10-29 20:42:50] INFO: Calculating genome statistics for 32 bins with 48 threads:
[2019-10-29 20:42:51] INFO: { Current stage: 0:00:00.337 || Total: 0:07:29.163 }
[2019-10-29 20:42:51] INFO: [CheckM - qa] Tabulating genome statistics.
[2019-10-29 20:42:51] INFO: Calculating AAI between multi-copy marker genes.
[2019-10-29 20:42:51] INFO: Reading HMM info from file.
[2019-10-29 20:42:55] INFO: Parsing HMM hits to marker genes:
[2019-10-29 20:43:00] INFO: QA information written to: sample2.tab
[2019-10-29 20:43:00] INFO: { Current stage: 0:00:09.206 || Total: 0:07:38.370 }
