[2019-10-29 20:37:29] INFO: CheckM v1.0.18
[2019-10-29 20:37:29] INFO: checkm lineage_wf -x fa -t 48 --pplacer_threads 48 --file sample3.tab --tab_table sample3.concoct-bins .
[2019-10-29 20:37:29] INFO: [CheckM - tree] Placing bins in reference genome tree.
[2019-10-29 20:37:29] INFO: Identifying marker genes in 32 bins with 48 threads:
[2019-10-29 20:37:52] INFO: Saving HMM info to file.
[2019-10-29 20:37:52] INFO: Calculating genome statistics for 32 bins with 48 threads:
[2019-10-29 20:37:52] INFO: Extracting marker genes to align.
[2019-10-29 20:37:52] INFO: Parsing HMM hits to marker genes:
[2019-10-29 20:37:54] INFO: Extracting 43 HMMs with 48 threads:
[2019-10-29 20:37:54] INFO: Aligning 43 marker genes with 48 threads:
[2019-10-29 20:37:55] INFO: Reading marker alignment files.
[2019-10-29 20:37:55] INFO: Concatenating alignments.
[2019-10-29 20:37:55] INFO: Placing 32 bins into the genome tree with pplacer (be patient).
[2019-10-29 20:42:50] INFO: { Current stage: 0:05:21.050 || Total: 0:05:21.050 }
[2019-10-29 20:42:50] INFO: [CheckM - lineage_set] Inferring lineage-specific marker sets.
[2019-10-29 20:42:50] INFO: Reading HMM info from file.
[2019-10-29 20:42:50] INFO: Parsing HMM hits to marker genes:
[2019-10-29 20:42:52] INFO: Determining marker sets for each genome bin.
[2019-10-29 20:42:57] INFO: Marker set written to: ./lineage.ms
[2019-10-29 20:42:57] INFO: { Current stage: 0:00:07.208 || Total: 0:05:28.258 }
[2019-10-29 20:42:57] INFO: [CheckM - analyze] Identifying marker genes in bins.
[2019-10-29 20:42:58] INFO: Identifying marker genes in 32 bins with 48 threads:
[2019-10-29 20:44:30] INFO: Saving HMM info to file.
[2019-10-29 20:44:31] INFO: { Current stage: 0:01:34.044 || Total: 0:07:02.303 }
[2019-10-29 20:44:31] INFO: Parsing HMM hits to marker genes:
[2019-10-29 20:44:35] INFO: Aligning marker genes with multiple hits in a single bin:
[2019-10-29 20:44:39] INFO: { Current stage: 0:00:07.905 || Total: 0:07:10.208 }
[2019-10-29 20:44:39] INFO: Calculating genome statistics for 32 bins with 48 threads:
[2019-10-29 20:44:40] INFO: { Current stage: 0:00:00.396 || Total: 0:07:10.604 }
[2019-10-29 20:44:40] INFO: [CheckM - qa] Tabulating genome statistics.
[2019-10-29 20:44:40] INFO: Calculating AAI between multi-copy marker genes.
[2019-10-29 20:44:40] INFO: Reading HMM info from file.
[2019-10-29 20:44:44] INFO: Parsing HMM hits to marker genes:
[2019-10-29 20:44:48] INFO: QA information written to: sample3.tab
[2019-10-29 20:44:48] INFO: { Current stage: 0:00:08.122 || Total: 0:07:18.727 }
